<?xml version="1.0" encoding="UTF-8"?>
<!-- Generated by org.testng.reporters.JUnitReportReporter -->
<testsuite skipped="0" hostname="LAPTOP-R3MOBSF6" name="com.jenkins.wipro.testcase1" tests="1" failures="0" timestamp="2023-05-18T14:56:05 IST" time="23.990" errors="0">
  <testcase name="tc1" time="23.990" classname="com.jenkins.wipro.testcase1"/>
  <system-out/>
</testsuite> <!-- com.jenkins.wipro.testcase1 -->
