<?xml version="1.0" encoding="UTF-8"?>
<!-- Generated by org.testng.reporters.JUnitReportReporter -->
<testsuite skipped="0" hostname="LAPTOP-R3MOBSF6" name="com.jenkins.wipro.testcase2" tests="1" failures="0" timestamp="2023-05-18T15:04:46 IST" time="13.481" errors="0">
  <testcase name="tc1" time="13.481" classname="com.jenkins.wipro.testcase2"/>
  <system-out/>
</testsuite> <!-- com.jenkins.wipro.testcase2 -->
